Using pre-set license
Built from '2020.3/staging' branch; Version is '2020.3.0f1 (c7b5465681fb) revision 13088070'; Using compiler version '192528614'; Build Type 'Release'
OS: 'Windows 10 Home; OS build 19042.867; Version 2009; 64bit' Language: 'en' Physical Memory: 16305 MB
BatchMode: 1, IsHumanControllingUs: 0, StartBugReporterOnCrash: 0, Is64bit: 1, IsPro: 0

 COMMAND LINE ARGUMENTS:
E:\UnityHub\2020.3.0f1\Editor\Unity.exe
-adb2
-batchMode
-noUpm
-name
AssetImportWorker0
-projectPath
E:/GitProjects/College/Graphics II/Graphics II Felix/GraphicsIIFinalProjUnity
-logFile
Logs/AssetImportWorker0.log
-srvPort
57445
Successfully changed project path to: E:/GitProjects/College/Graphics II/Graphics II Felix/GraphicsIIFinalProjUnity
E:/GitProjects/College/Graphics II/Graphics II Felix/GraphicsIIFinalProjUnity
Using Asset Import Pipeline V2.
Refreshing native plugins compatible for Editor in 27.30 ms, found 0 plugins.
Preloading 0 native plugins for Editor in 0.00 ms.
Initialize engine version: 2020.3.0f1 (c7b5465681fb)
[Subsystems] Discovering subsystems at path E:/UnityHub/2020.3.0f1/Editor/Data/Resources/UnitySubsystems
[Subsystems] Discovering subsystems at path E:/GitProjects/College/Graphics II/Graphics II Felix/GraphicsIIFinalProjUnity/Assets
GfxDevice: creating device client; threaded=0
Direct3D:
    Version:  Direct3D 11.0 [level 11.1]
    Renderer: NVIDIA GeForce GTX 1650 SUPER (ID=0x2187)
    Vendor:   
    VRAM:     3955 MB
    Driver:   27.21.14.5671
Initialize mono
Mono path[0] = 'E:/UnityHub/2020.3.0f1/Editor/Data/Managed'
Mono path[1] = 'E:/UnityHub/2020.3.0f1/Editor/Data/MonoBleedingEdge/lib/mono/unityjit'
Mono config path = 'E:/UnityHub/2020.3.0f1/Editor/Data/MonoBleedingEdge/etc'
Using monoOptions --debugger-agent=transport=dt_socket,embedding=1,server=y,suspend=n,address=127.0.0.1:56160
Begin MonoManager ReloadAssembly
Registering precompiled unity dll's ...
Register platform support module: E:/UnityHub/2020.3.0f1/Editor/Data/PlaybackEngines/WebGLSupport/UnityEditor.WebGL.Extensions.dll
Register platform support module: E:/UnityHub/2020.3.0f1/Editor/Data/PlaybackEngines/MacStandaloneSupport/UnityEditor.OSXStandalone.Extensions.dll
Register platform support module: E:/UnityHub/2020.3.0f1/Editor/Data/PlaybackEngines/WindowsStandaloneSupport/UnityEditor.WindowsStandalone.Extensions.dll
Registered in 0.002487 seconds.
Native extension for WindowsStandalone target not found
Native extension for OSXStandalone target not found
Native extension for WebGL target not found
Refreshing native plugins compatible for Editor in 23.95 ms, found 0 plugins.
Preloading 0 native plugins for Editor in 0.00 ms.
Invoked RoslynAnalysisRunner static constructor.
RoslynAnalysisRunner will not be running.
RoslynAnalysisRunner has terminated.
Mono: successfully reloaded assembly
- Completed reload, in  1.550 seconds
Platform modules already initialized, skipping
Registering precompiled user dll's ...
Registered in 0.001001 seconds.
Begin MonoManager ReloadAssembly
Native extension for WindowsStandalone target not found
Native extension for OSXStandalone target not found
Native extension for WebGL target not found
Refreshing native plugins compatible for Editor in 0.24 ms, found 0 plugins.
Preloading 0 native plugins for Editor in 0.00 ms.
Invoked RoslynAnalysisRunner static constructor.
RoslynAnalysisRunner will not be running.
RoslynAnalysisRunner has terminated.
Mono: successfully reloaded assembly
- Completed reload, in  0.832 seconds
Platform modules already initialized, skipping
========================================================================
Worker process is ready to serve import requests
Launched and connected shader compiler UnityShaderCompiler.exe after 0.07 seconds
Refreshing native plugins compatible for Editor in 0.28 ms, found 0 plugins.
Preloading 0 native plugins for Editor in 0.00 ms.
Unloading 1239 Unused Serialized files (Serialized files now loaded: 0)
System memory in use before: 65.5 MB.
System memory in use after: 65.6 MB.

Unloading 10 unused Assets to reduce memory usage. Loaded Objects now: 1681.
Total: 2.783600 ms (FindLiveObjects: 0.952200 ms CreateObjectMapping: 0.051600 ms MarkObjects: 1.694200 ms  DeleteObjects: 0.084100 ms)

========================================================================
Received Import Request.
  path: Assets/Shaders/TritanopiaShader.shader
  artifactKey: Guid(89b46f2dfd3df1e4ca76d7f58fc16798) Importer(815301076,1909f56bfc062723c751e8b465ee728b)
Start importing Assets/Shaders/TritanopiaShader.shader using Guid(89b46f2dfd3df1e4ca76d7f58fc16798) Importer(815301076,1909f56bfc062723c751e8b465ee728b)  -> (artifact id: '2940275d3a28a64aafdbabf27ce37707') in 1.593203 seconds
  Import took 1.629759 seconds .

========================================================================
Received Import Request.
  Time since last request: 215.552448 seconds.
  path: Assets/Shaders/TritanopiaShader.shader
  artifactKey: Guid(89b46f2dfd3df1e4ca76d7f58fc16798) Importer(815301076,1909f56bfc062723c751e8b465ee728b)
Start importing Assets/Shaders/TritanopiaShader.shader using Guid(89b46f2dfd3df1e4ca76d7f58fc16798) Importer(815301076,1909f56bfc062723c751e8b465ee728b)  -> (artifact id: '1b9439f461e40c6dd00dead942d915c4') in 0.003623 seconds
  Import took 0.016927 seconds .

========================================================================
Received Import Request.
  Time since last request: 44.581104 seconds.
  path: Assets/Shaders/TritanopiaShader.shader
  artifactKey: Guid(89b46f2dfd3df1e4ca76d7f58fc16798) Importer(815301076,1909f56bfc062723c751e8b465ee728b)
Start importing Assets/Shaders/TritanopiaShader.shader using Guid(89b46f2dfd3df1e4ca76d7f58fc16798) Importer(815301076,1909f56bfc062723c751e8b465ee728b)  -> (artifact id: '1a26e83bde303be9061422aa97d750ba') in 0.003629 seconds
  Import took 0.019328 seconds .

========================================================================
Received Prepare
Registering precompiled user dll's ...
Registered in 0.000922 seconds.
Begin MonoManager ReloadAssembly
Native extension for WindowsStandalone target not found
Native extension for OSXStandalone target not found
Native extension for WebGL target not found
Refreshing native plugins compatible for Editor in 0.26 ms, found 0 plugins.
Preloading 0 native plugins for Editor in 0.00 ms.
Invoked RoslynAnalysisRunner static constructor.
RoslynAnalysisRunner will not be running.
RoslynAnalysisRunner has terminated.
Mono: successfully reloaded assembly
- Completed reload, in  0.781 seconds
Platform modules already initialized, skipping
Refreshing native plugins compatible for Editor in 0.34 ms, found 0 plugins.
Preloading 0 native plugins for Editor in 0.00 ms.
Unloading 1202 Unused Serialized files (Serialized files now loaded: 0)
System memory in use before: 63.0 MB.
System memory in use after: 63.1 MB.

Unloading 5 unused Assets to reduce memory usage. Loaded Objects now: 1684.
Total: 1.719800 ms (FindLiveObjects: 0.184500 ms CreateObjectMapping: 0.029600 ms MarkObjects: 1.451300 ms  DeleteObjects: 0.053200 ms)

========================================================================
Received Import Request.
  Time since last request: 193.700145 seconds.
  path: Assets/Shaders/TritanopiaShader.shader
  artifactKey: Guid(89b46f2dfd3df1e4ca76d7f58fc16798) Importer(815301076,1909f56bfc062723c751e8b465ee728b)
Start importing Assets/Shaders/TritanopiaShader.shader using Guid(89b46f2dfd3df1e4ca76d7f58fc16798) Importer(815301076,1909f56bfc062723c751e8b465ee728b)  -> (artifact id: '88dfa1cdf51257a403b9d61eb969eaac') in 0.016472 seconds
  Import took 0.038316 seconds .

========================================================================
Received Import Request.
  Time since last request: 236.383237 seconds.
  path: Assets/Scripts/SHaderDebug.cs
  artifactKey: Guid(9df8d0a4ba74f33438f9276468e325a9) Importer(815301076,1909f56bfc062723c751e8b465ee728b)
Start importing Assets/Scripts/SHaderDebug.cs using Guid(9df8d0a4ba74f33438f9276468e325a9) Importer(815301076,1909f56bfc062723c751e8b465ee728b)  -> (artifact id: 'e49cee0ba1e4d29c48b9758d35105247') in 0.154909 seconds
  Import took 0.156995 seconds .

========================================================================
Received Prepare
Registering precompiled user dll's ...
Registered in 0.001081 seconds.
Begin MonoManager ReloadAssembly
Native extension for WindowsStandalone target not found
Native extension for OSXStandalone target not found
Native extension for WebGL target not found
Refreshing native plugins compatible for Editor in 0.33 ms, found 0 plugins.
Preloading 0 native plugins for Editor in 0.00 ms.
Invoked RoslynAnalysisRunner static constructor.
RoslynAnalysisRunner will not be running.
RoslynAnalysisRunner has terminated.
Mono: successfully reloaded assembly
- Completed reload, in  0.849 seconds
Platform modules already initialized, skipping
Refreshing native plugins compatible for Editor in 0.24 ms, found 0 plugins.
Preloading 0 native plugins for Editor in 0.00 ms.
Unloading 1203 Unused Serialized files (Serialized files now loaded: 0)
System memory in use before: 63.0 MB.
System memory in use after: 63.1 MB.

Unloading 5 unused Assets to reduce memory usage. Loaded Objects now: 1688.
Total: 1.569200 ms (FindLiveObjects: 0.164600 ms CreateObjectMapping: 0.029800 ms MarkObjects: 1.324200 ms  DeleteObjects: 0.049700 ms)

========================================================================
Received Prepare
Registering precompiled user dll's ...
Registered in 0.000997 seconds.
Begin MonoManager ReloadAssembly
Native extension for WindowsStandalone target not found
Native extension for OSXStandalone target not found
Native extension for WebGL target not found
Refreshing native plugins compatible for Editor in 0.39 ms, found 0 plugins.
Preloading 0 native plugins for Editor in 0.00 ms.
Invoked RoslynAnalysisRunner static constructor.
RoslynAnalysisRunner will not be running.
RoslynAnalysisRunner has terminated.
Mono: successfully reloaded assembly
- Completed reload, in  0.785 seconds
Platform modules already initialized, skipping
Refreshing native plugins compatible for Editor in 0.24 ms, found 0 plugins.
Preloading 0 native plugins for Editor in 0.00 ms.
Unloading 1203 Unused Serialized files (Serialized files now loaded: 0)
System memory in use before: 63.0 MB.
System memory in use after: 63.1 MB.

Unloading 5 unused Assets to reduce memory usage. Loaded Objects now: 1691.
Total: 1.626300 ms (FindLiveObjects: 0.159600 ms CreateObjectMapping: 0.028700 ms MarkObjects: 1.386200 ms  DeleteObjects: 0.050400 ms)

========================================================================
Received Import Request.
  Time since last request: 159.622618 seconds.
  path: Assets/Scripts/SHaderDebug.cs
  artifactKey: Guid(9df8d0a4ba74f33438f9276468e325a9) Importer(815301076,1909f56bfc062723c751e8b465ee728b)
Start importing Assets/Scripts/SHaderDebug.cs using Guid(9df8d0a4ba74f33438f9276468e325a9) Importer(815301076,1909f56bfc062723c751e8b465ee728b)  -> (artifact id: '3e7fb3cf7499144b3b0760130d242354') in 0.007263 seconds
  Import took 0.057396 seconds .

========================================================================
Received Prepare
Registering precompiled user dll's ...
Registered in 0.001166 seconds.
Begin MonoManager ReloadAssembly
Native extension for WindowsStandalone target not found
Native extension for OSXStandalone target not found
Native extension for WebGL target not found
Refreshing native plugins compatible for Editor in 0.34 ms, found 0 plugins.
Preloading 0 native plugins for Editor in 0.00 ms.
Invoked RoslynAnalysisRunner static constructor.
RoslynAnalysisRunner will not be running.
RoslynAnalysisRunner has terminated.
Mono: successfully reloaded assembly
- Completed reload, in  0.792 seconds
Platform modules already initialized, skipping
Refreshing native plugins compatible for Editor in 0.28 ms, found 0 plugins.
Preloading 0 native plugins for Editor in 0.00 ms.
Unloading 1203 Unused Serialized files (Serialized files now loaded: 0)
System memory in use before: 63.1 MB.
System memory in use after: 63.1 MB.

Unloading 5 unused Assets to reduce memory usage. Loaded Objects now: 1694.
Total: 1.832000 ms (FindLiveObjects: 0.202600 ms CreateObjectMapping: 0.035600 ms MarkObjects: 1.533900 ms  DeleteObjects: 0.058500 ms)

========================================================================
Received Prepare
Registering precompiled user dll's ...
Registered in 0.000992 seconds.
Begin MonoManager ReloadAssembly
Native extension for WindowsStandalone target not found
Native extension for OSXStandalone target not found
Native extension for WebGL target not found
Refreshing native plugins compatible for Editor in 0.24 ms, found 0 plugins.
Preloading 0 native plugins for Editor in 0.00 ms.
Invoked RoslynAnalysisRunner static constructor.
RoslynAnalysisRunner will not be running.
RoslynAnalysisRunner has terminated.
Mono: successfully reloaded assembly
- Completed reload, in  0.794 seconds
Platform modules already initialized, skipping
Refreshing native plugins compatible for Editor in 0.24 ms, found 0 plugins.
Preloading 0 native plugins for Editor in 0.00 ms.
Unloading 1203 Unused Serialized files (Serialized files now loaded: 0)
System memory in use before: 63.1 MB.
System memory in use after: 63.1 MB.

Unloading 5 unused Assets to reduce memory usage. Loaded Objects now: 1697.
Total: 1.725500 ms (FindLiveObjects: 0.235000 ms CreateObjectMapping: 0.047800 ms MarkObjects: 1.388100 ms  DeleteObjects: 0.052500 ms)

========================================================================
Received Prepare
Registering precompiled user dll's ...
Registered in 0.000964 seconds.
Begin MonoManager ReloadAssembly
Native extension for WindowsStandalone target not found
Native extension for OSXStandalone target not found
Native extension for WebGL target not found
Refreshing native plugins compatible for Editor in 0.25 ms, found 0 plugins.
Preloading 0 native plugins for Editor in 0.00 ms.
Invoked RoslynAnalysisRunner static constructor.
RoslynAnalysisRunner will not be running.
RoslynAnalysisRunner has terminated.
Mono: successfully reloaded assembly
- Completed reload, in  0.772 seconds
Platform modules already initialized, skipping
Refreshing native plugins compatible for Editor in 0.25 ms, found 0 plugins.
Preloading 0 native plugins for Editor in 0.00 ms.
Unloading 1203 Unused Serialized files (Serialized files now loaded: 0)
System memory in use before: 63.1 MB.
System memory in use after: 63.1 MB.

Unloading 5 unused Assets to reduce memory usage. Loaded Objects now: 1700.
Total: 1.645200 ms (FindLiveObjects: 0.179900 ms CreateObjectMapping: 0.030900 ms MarkObjects: 1.385000 ms  DeleteObjects: 0.048600 ms)

========================================================================
Received Import Request.
  Time since last request: 49523.492662 seconds.
  path: Assets/Materials/ToonMat.mat
  artifactKey: Guid(8a972bae16c1f8045a290e576663b47d) Importer(815301076,1909f56bfc062723c751e8b465ee728b)
Start importing Assets/Materials/ToonMat.mat using Guid(8a972bae16c1f8045a290e576663b47d) Importer(815301076,1909f56bfc062723c751e8b465ee728b)  -> (artifact id: '8a0956d15e60a3736ceda81029f47afd') in 0.393848 seconds
  Import took 0.398313 seconds .

========================================================================
Received Import Request.
  Time since last request: 37.328109 seconds.
  path: Assets/Shaders/OutlineShader.shader
  artifactKey: Guid(e47b6f2014e56d44ea9c94149fdff6b0) Importer(815301076,1909f56bfc062723c751e8b465ee728b)
Start importing Assets/Shaders/OutlineShader.shader using Guid(e47b6f2014e56d44ea9c94149fdff6b0) Importer(815301076,1909f56bfc062723c751e8b465ee728b)  -> (artifact id: 'cf775564fa346524d669e5026d13368d') in 0.008597 seconds
  Import took 0.024489 seconds .

========================================================================
Received Import Request.
  Time since last request: 740.156723 seconds.
  path: Assets/Shaders/OutlineShader.shader
  artifactKey: Guid(e47b6f2014e56d44ea9c94149fdff6b0) Importer(815301076,1909f56bfc062723c751e8b465ee728b)
Start importing Assets/Shaders/OutlineShader.shader using Guid(e47b6f2014e56d44ea9c94149fdff6b0) Importer(815301076,1909f56bfc062723c751e8b465ee728b)  -> (artifact id: '9bb17291cd358e6c386032d81dc8d73e') in 0.007796 seconds
  Import took 0.031591 seconds .

========================================================================
Received Import Request.
  Time since last request: 7.797549 seconds.
  path: Assets/Materials/OutlineMat.mat
  artifactKey: Guid(7ab04ccb42ce8634db0b794ed3fffca5) Importer(815301076,1909f56bfc062723c751e8b465ee728b)
Start importing Assets/Materials/OutlineMat.mat using Guid(7ab04ccb42ce8634db0b794ed3fffca5) Importer(815301076,1909f56bfc062723c751e8b465ee728b)  -> (artifact id: '4e1b189465f33690b538e54d8bd251f1') in 0.038435 seconds
  Import took 0.055643 seconds .

========================================================================
Received Import Request.
  Time since last request: 37.525312 seconds.
  path: Assets/Shaders/OutlineShader.shader
  artifactKey: Guid(e47b6f2014e56d44ea9c94149fdff6b0) Importer(815301076,1909f56bfc062723c751e8b465ee728b)
Start importing Assets/Shaders/OutlineShader.shader using Guid(e47b6f2014e56d44ea9c94149fdff6b0) Importer(815301076,1909f56bfc062723c751e8b465ee728b)  -> (artifact id: 'cbe106d90b30a19605636a5b455e152d') in 0.006312 seconds
  Import took 0.062806 seconds .

========================================================================
Received Import Request.
  Time since last request: 11.392704 seconds.
  path: Assets/Shaders/OutlineShader.shader
  artifactKey: Guid(e47b6f2014e56d44ea9c94149fdff6b0) Importer(815301076,1909f56bfc062723c751e8b465ee728b)
Start importing Assets/Shaders/OutlineShader.shader using Guid(e47b6f2014e56d44ea9c94149fdff6b0) Importer(815301076,1909f56bfc062723c751e8b465ee728b)  -> (artifact id: '6130620c88a603362178bc89e2d5d7b3') in 0.003722 seconds
  Import took 0.005897 seconds .

========================================================================
Received Import Request.
  Time since last request: 18.663873 seconds.
  path: Assets/Shaders/OutlineShader.shader
  artifactKey: Guid(e47b6f2014e56d44ea9c94149fdff6b0) Importer(815301076,1909f56bfc062723c751e8b465ee728b)
Start importing Assets/Shaders/OutlineShader.shader using Guid(e47b6f2014e56d44ea9c94149fdff6b0) Importer(815301076,1909f56bfc062723c751e8b465ee728b)  -> (artifact id: 'd42d4690490594ab07a0e1312b243fb9') in 0.004116 seconds
  Import took 0.031267 seconds .

========================================================================
Received Prepare
Registering precompiled user dll's ...
Registered in 0.001017 seconds.
Begin MonoManager ReloadAssembly
Native extension for WindowsStandalone target not found
Native extension for OSXStandalone target not found
Native extension for WebGL target not found
Refreshing native plugins compatible for Editor in 0.27 ms, found 0 plugins.
Preloading 0 native plugins for Editor in 0.00 ms.
Invoked RoslynAnalysisRunner static constructor.
RoslynAnalysisRunner will not be running.
RoslynAnalysisRunner has terminated.
Mono: successfully reloaded assembly
- Completed reload, in  0.879 seconds
Platform modules already initialized, skipping
Refreshing native plugins compatible for Editor in 0.26 ms, found 0 plugins.
Preloading 0 native plugins for Editor in 0.00 ms.
Unloading 1204 Unused Serialized files (Serialized files now loaded: 0)
System memory in use before: 66.5 MB.
System memory in use after: 66.6 MB.

Unloading 7 unused Assets to reduce memory usage. Loaded Objects now: 1743.
Total: 1.832500 ms (FindLiveObjects: 0.211100 ms CreateObjectMapping: 0.035300 ms MarkObjects: 1.427200 ms  DeleteObjects: 0.157800 ms)

========================================================================
Received Import Request.
  Time since last request: 156.818253 seconds.
  path: Assets/Models/CartoonWaterTexture.png
  artifactKey: Guid(13df54d586d15734c9476fa431f92fec) Importer(815301076,1909f56bfc062723c751e8b465ee728b)
Start importing Assets/Models/CartoonWaterTexture.png using Guid(13df54d586d15734c9476fa431f92fec) Importer(815301076,1909f56bfc062723c751e8b465ee728b)  -> (artifact id: 'a7254b7ad93257a03daffd3f21dfcaad') in 0.153958 seconds
  Import took 0.173916 seconds .

========================================================================
Received Prepare
Registering precompiled user dll's ...
Registered in 0.001155 seconds.
Begin MonoManager ReloadAssembly
Native extension for WindowsStandalone target not found
Native extension for OSXStandalone target not found
Native extension for WebGL target not found
Refreshing native plugins compatible for Editor in 0.26 ms, found 0 plugins.
Preloading 0 native plugins for Editor in 0.00 ms.
Invoked RoslynAnalysisRunner static constructor.
RoslynAnalysisRunner will not be running.
RoslynAnalysisRunner has terminated.
Mono: successfully reloaded assembly
- Completed reload, in  0.815 seconds
Platform modules already initialized, skipping
Refreshing native plugins compatible for Editor in 0.26 ms, found 0 plugins.
Preloading 0 native plugins for Editor in 0.00 ms.
Unloading 1204 Unused Serialized files (Serialized files now loaded: 0)
System memory in use before: 66.5 MB.
System memory in use after: 66.6 MB.

Unloading 6 unused Assets to reduce memory usage. Loaded Objects now: 1747.
Total: 1.718900 ms (FindLiveObjects: 0.199400 ms CreateObjectMapping: 0.030200 ms MarkObjects: 1.418800 ms  DeleteObjects: 0.069600 ms)

========================================================================
Received Import Request.
  Time since last request: 59.392089 seconds.
  path: Assets/Materials/OutlineMat.mat
  artifactKey: Guid(7ab04ccb42ce8634db0b794ed3fffca5) Importer(815301076,1909f56bfc062723c751e8b465ee728b)
Start importing Assets/Materials/OutlineMat.mat using Guid(7ab04ccb42ce8634db0b794ed3fffca5) Importer(815301076,1909f56bfc062723c751e8b465ee728b)  -> (artifact id: '71438ba4d73579fe616bc3f6ff1a5982') in 0.100302 seconds
  Import took 0.117439 seconds .

========================================================================
Received Import Request.
  Time since last request: 0.000336 seconds.
  path: Assets/Materials/WaterMat.mat
  artifactKey: Guid(5b19255ddfaf76942885db9f06967499) Importer(815301076,1909f56bfc062723c751e8b465ee728b)
Start importing Assets/Materials/WaterMat.mat using Guid(5b19255ddfaf76942885db9f06967499) Importer(815301076,1909f56bfc062723c751e8b465ee728b)  -> (artifact id: '53b7d7f798463f25ec2cf0855064a845') in 0.043413 seconds
  Import took 0.064070 seconds .

========================================================================
Received Import Request.
  Time since last request: 156.774530 seconds.
  path: Assets/Models/CartoonWaterTexture2.jpg
  artifactKey: Guid(e640b64a7872d3641b456ef278708b04) Importer(815301076,1909f56bfc062723c751e8b465ee728b)
Start importing Assets/Models/CartoonWaterTexture2.jpg using Guid(e640b64a7872d3641b456ef278708b04) Importer(815301076,1909f56bfc062723c751e8b465ee728b)  -> (artifact id: 'f676ca40d95c72037ba9b5febd9e28ea') in 0.047117 seconds
  Import took 0.049608 seconds .

========================================================================
Received Prepare
Registering precompiled user dll's ...
Registered in 0.001088 seconds.
Begin MonoManager ReloadAssembly
Native extension for WindowsStandalone target not found
Native extension for OSXStandalone target not found
Native extension for WebGL target not found
Refreshing native plugins compatible for Editor in 0.24 ms, found 0 plugins.
Preloading 0 native plugins for Editor in 0.00 ms.
Invoked RoslynAnalysisRunner static constructor.
RoslynAnalysisRunner will not be running.
RoslynAnalysisRunner has terminated.
Mono: successfully reloaded assembly
- Completed reload, in  0.759 seconds
Platform modules already initialized, skipping
Refreshing native plugins compatible for Editor in 0.29 ms, found 0 plugins.
Preloading 0 native plugins for Editor in 0.00 ms.
Unloading 1204 Unused Serialized files (Serialized files now loaded: 0)
System memory in use before: 66.6 MB.
System memory in use after: 66.7 MB.

Unloading 5 unused Assets to reduce memory usage. Loaded Objects now: 1752.
Total: 1.772000 ms (FindLiveObjects: 0.191800 ms CreateObjectMapping: 0.028600 ms MarkObjects: 1.495700 ms  DeleteObjects: 0.054600 ms)

========================================================================
Received Import Request.
  Time since last request: 213.495134 seconds.
  path: Assets/Models/ground_riverBend.fbx
  artifactKey: Guid(71634160e801774449aa16a3a4401f48) Importer(815301076,1909f56bfc062723c751e8b465ee728b)
Start importing Assets/Models/ground_riverBend.fbx using Guid(71634160e801774449aa16a3a4401f48) Importer(815301076,1909f56bfc062723c751e8b465ee728b)  -> (artifact id: '7e3c381067e1f18869ce15a1106beb7d') in 0.223570 seconds
  Import took 0.235922 seconds .

========================================================================
Received Prepare
Registering precompiled user dll's ...
Registered in 0.001034 seconds.
Begin MonoManager ReloadAssembly
Native extension for WindowsStandalone target not found
Native extension for OSXStandalone target not found
Native extension for WebGL target not found
Refreshing native plugins compatible for Editor in 0.26 ms, found 0 plugins.
Preloading 0 native plugins for Editor in 0.00 ms.
Invoked RoslynAnalysisRunner static constructor.
RoslynAnalysisRunner will not be running.
RoslynAnalysisRunner has terminated.
Mono: successfully reloaded assembly
- Completed reload, in  0.772 seconds
Platform modules already initialized, skipping
Refreshing native plugins compatible for Editor in 0.25 ms, found 0 plugins.
Preloading 0 native plugins for Editor in 0.00 ms.
Unloading 1203 Unused Serialized files (Serialized files now loaded: 0)
System memory in use before: 66.7 MB.
System memory in use after: 66.8 MB.

Unloading 5 unused Assets to reduce memory usage. Loaded Objects now: 1759.
Total: 1.698100 ms (FindLiveObjects: 0.189000 ms CreateObjectMapping: 0.028600 ms MarkObjects: 1.430100 ms  DeleteObjects: 0.049300 ms)

========================================================================
Received Import Request.
  Time since last request: 144.158984 seconds.
  path: Assets/Models/plant_bushTriangle.fbx
  artifactKey: Guid(a375c7111975e6b49bf653af3277ec83) Importer(815301076,1909f56bfc062723c751e8b465ee728b)
Start importing Assets/Models/plant_bushTriangle.fbx using Guid(a375c7111975e6b49bf653af3277ec83) Importer(815301076,1909f56bfc062723c751e8b465ee728b)  -> (artifact id: '92f828f16e6fe7e14a774bdaa7f297ed') in 0.099730 seconds
  Import took 0.128997 seconds .

========================================================================
Received Import Request.
  Time since last request: 5259.483021 seconds.
  path: Assets/Materials/WaterMat.mat
  artifactKey: Guid(5b19255ddfaf76942885db9f06967499) Importer(815301076,1909f56bfc062723c751e8b465ee728b)
Start importing Assets/Materials/WaterMat.mat using Guid(5b19255ddfaf76942885db9f06967499) Importer(815301076,1909f56bfc062723c751e8b465ee728b)  -> (artifact id: 'd928df6ebe7c6eb81afbca43f378b894') in 0.060541 seconds
  Import took 0.119038 seconds .

========================================================================
Received Prepare
Registering precompiled user dll's ...
Registered in 0.001109 seconds.
Begin MonoManager ReloadAssembly
Native extension for WindowsStandalone target not found
Native extension for OSXStandalone target not found
Native extension for WebGL target not found
Refreshing native plugins compatible for Editor in 0.26 ms, found 0 plugins.
Preloading 0 native plugins for Editor in 0.00 ms.
Invoked RoslynAnalysisRunner static constructor.
RoslynAnalysisRunner will not be running.
RoslynAnalysisRunner has terminated.
Mono: successfully reloaded assembly
- Completed reload, in  0.816 seconds
Platform modules already initialized, skipping
Refreshing native plugins compatible for Editor in 0.26 ms, found 0 plugins.
Preloading 0 native plugins for Editor in 0.00 ms.
Unloading 1203 Unused Serialized files (Serialized files now loaded: 0)
System memory in use before: 66.7 MB.
System memory in use after: 66.8 MB.

Unloading 5 unused Assets to reduce memory usage. Loaded Objects now: 1763.
Total: 1.744700 ms (FindLiveObjects: 0.236800 ms CreateObjectMapping: 0.037800 ms MarkObjects: 1.412500 ms  DeleteObjects: 0.056600 ms)

========================================================================
Received Prepare
Registering precompiled user dll's ...
Registered in 0.001052 seconds.
Begin MonoManager ReloadAssembly
Native extension for WindowsStandalone target not found
Native extension for OSXStandalone target not found
Native extension for WebGL target not found
Refreshing native plugins compatible for Editor in 0.25 ms, found 0 plugins.
Preloading 0 native plugins for Editor in 0.00 ms.
Invoked RoslynAnalysisRunner static constructor.
RoslynAnalysisRunner will not be running.
RoslynAnalysisRunner has terminated.
Mono: successfully reloaded assembly
- Completed reload, in  0.794 seconds
Platform modules already initialized, skipping
Refreshing native plugins compatible for Editor in 0.46 ms, found 0 plugins.
Preloading 0 native plugins for Editor in 0.00 ms.
Unloading 1203 Unused Serialized files (Serialized files now loaded: 0)
System memory in use before: 66.7 MB.
System memory in use after: 66.8 MB.

Unloading 5 unused Assets to reduce memory usage. Loaded Objects now: 1766.
Total: 2.301000 ms (FindLiveObjects: 0.220500 ms CreateObjectMapping: 0.032900 ms MarkObjects: 1.972700 ms  DeleteObjects: 0.073300 ms)

========================================================================
Received Import Request.
  Time since last request: 1020.009512 seconds.
  path: Assets/Shaders/ToonOutlineShader.shader
  artifactKey: Guid(6e1ebef51149ac84e8d51ce2fbb92074) Importer(815301076,1909f56bfc062723c751e8b465ee728b)
Start importing Assets/Shaders/ToonOutlineShader.shader using Guid(6e1ebef51149ac84e8d51ce2fbb92074) Importer(815301076,1909f56bfc062723c751e8b465ee728b)  -> (artifact id: '2b079e82d44fa70b657090c660ca4952') in 0.019975 seconds
  Import took 0.037912 seconds .

========================================================================
Received Import Request.
  Time since last request: 1007.311692 seconds.
  path: Assets/Materials/ToonOutlineMat.mat
  artifactKey: Guid(c5bc96bb2f11c9344a0f1993b80af392) Importer(815301076,1909f56bfc062723c751e8b465ee728b)
Start importing Assets/Materials/ToonOutlineMat.mat using Guid(c5bc96bb2f11c9344a0f1993b80af392) Importer(815301076,1909f56bfc062723c751e8b465ee728b)  -> (artifact id: '8e3cb18225c3566766819f00c4194877') in 0.056388 seconds
  Import took 0.058684 seconds .

========================================================================
Received Import Request.
  Time since last request: 3474.409420 seconds.
  path: Assets/Materials/ToonOutlineMat.mat
  artifactKey: Guid(c5bc96bb2f11c9344a0f1993b80af392) Importer(815301076,1909f56bfc062723c751e8b465ee728b)
Start importing Assets/Materials/ToonOutlineMat.mat using Guid(c5bc96bb2f11c9344a0f1993b80af392) Importer(815301076,1909f56bfc062723c751e8b465ee728b)  -> (artifact id: 'd2b78909ec71c0b2f6dfd75e43e4e86b') in 0.067144 seconds
  Import took 0.103037 seconds .

========================================================================
Received Import Request.
  Time since last request: 5.237445 seconds.
  path: Assets/Scenes/SampleScene_Profiles
  artifactKey: Guid(6683be2486330d041ab33d96b8c9482b) Importer(815301076,1909f56bfc062723c751e8b465ee728b)
Start importing Assets/Scenes/SampleScene_Profiles using Guid(6683be2486330d041ab33d96b8c9482b) Importer(815301076,1909f56bfc062723c751e8b465ee728b)  -> (artifact id: '9b9d947ca8493a5bf6c526615c57aded') in 0.008704 seconds
  Import took 0.010901 seconds .

========================================================================
Received Import Request.
  Time since last request: 0.104779 seconds.
  path: Assets/Scenes/SampleScene_Profiles/Post-process Volume Profile.asset
  artifactKey: Guid(18b5ee9966ba77c4fb6bf66c42b465e9) Importer(815301076,1909f56bfc062723c751e8b465ee728b)
Start importing Assets/Scenes/SampleScene_Profiles/Post-process Volume Profile.asset using Guid(18b5ee9966ba77c4fb6bf66c42b465e9) Importer(815301076,1909f56bfc062723c751e8b465ee728b)  -> (artifact id: '4b1359d30cf722d16f1ebaf4fa14b0ef') in 0.049629 seconds
  Import took 0.051815 seconds .

========================================================================
Received Import Request.
  Time since last request: 5.896410 seconds.
  path: Assets/Scenes
  artifactKey: Guid(889929af6eba1264a8fcdaf718ae6b0b) Importer(815301076,1909f56bfc062723c751e8b465ee728b)
Start importing Assets/Scenes using Guid(889929af6eba1264a8fcdaf718ae6b0b) Importer(815301076,1909f56bfc062723c751e8b465ee728b)  -> (artifact id: '551dff783067fce79083b590ed7ca2d2') in 0.009109 seconds
  Import took 0.030500 seconds .

========================================================================
Received Import Request.
  Time since last request: 17.431036 seconds.
  path: Assets/Shaders/PostProcessingShader.shader
  artifactKey: Guid(c90d19c43a94a534e9b01e237704e2ed) Importer(815301076,1909f56bfc062723c751e8b465ee728b)
Start importing Assets/Shaders/PostProcessingShader.shader using Guid(c90d19c43a94a534e9b01e237704e2ed) Importer(815301076,1909f56bfc062723c751e8b465ee728b)  -> (artifact id: 'ff46b32a8315f78cc24d0d5153e44778') in 0.008997 seconds
  Import took 0.011276 seconds .

========================================================================
Received Import Request.
  Time since last request: 0.000828 seconds.
  path: Assets/Shaders/PostProcessingShader.shader
  artifactKey: Guid(c90d19c43a94a534e9b01e237704e2ed) Importer(815301076,1909f56bfc062723c751e8b465ee728b)
Start importing Assets/Shaders/PostProcessingShader.shader using Guid(c90d19c43a94a534e9b01e237704e2ed) Importer(815301076,1909f56bfc062723c751e8b465ee728b)  -> (artifact id: 'ff46b32a8315f78cc24d0d5153e44778') in 0.004107 seconds
  Import took 0.006518 seconds .

========================================================================
Received Import Request.
  Time since last request: 148.847716 seconds.
  path: Assets/Shaders/PostProcessingShader.shader
  artifactKey: Guid(c90d19c43a94a534e9b01e237704e2ed) Importer(815301076,1909f56bfc062723c751e8b465ee728b)
Start importing Assets/Shaders/PostProcessingShader.shader using Guid(c90d19c43a94a534e9b01e237704e2ed) Importer(815301076,1909f56bfc062723c751e8b465ee728b)  -> (artifact id: 'c554eba9797e49d64e854751e1d899b2') in 0.003895 seconds
  Import took 0.020156 seconds .

========================================================================
Received Import Request.
  Time since last request: 0.003689 seconds.
  path: Assets/Shaders/PostProcessingShader.shader
  artifactKey: Guid(c90d19c43a94a534e9b01e237704e2ed) Importer(815301076,1909f56bfc062723c751e8b465ee728b)
Start importing Assets/Shaders/PostProcessingShader.shader using Guid(c90d19c43a94a534e9b01e237704e2ed) Importer(815301076,1909f56bfc062723c751e8b465ee728b)  -> (artifact id: 'c554eba9797e49d64e854751e1d899b2') in 0.003755 seconds
  Import took 0.005899 seconds .

========================================================================
Received Prepare
Registering precompiled user dll's ...
Registered in 0.001035 seconds.
Begin MonoManager ReloadAssembly
Native extension for WindowsStandalone target not found
Native extension for OSXStandalone target not found
Native extension for WebGL target not found
Refreshing native plugins compatible for Editor in 0.26 ms, found 0 plugins.
Preloading 0 native plugins for Editor in 0.00 ms.
Invoked RoslynAnalysisRunner static constructor.
RoslynAnalysisRunner will not be running.
RoslynAnalysisRunner has terminated.
Mono: successfully reloaded assembly
- Completed reload, in  0.945 seconds
Platform modules already initialized, skipping
Refreshing native plugins compatible for Editor in 0.32 ms, found 0 plugins.
Preloading 0 native plugins for Editor in 0.00 ms.
Unloading 1204 Unused Serialized files (Serialized files now loaded: 0)
System memory in use before: 66.9 MB.
System memory in use after: 67.0 MB.

Unloading 5 unused Assets to reduce memory usage. Loaded Objects now: 1771.
Total: 2.055000 ms (FindLiveObjects: 0.244600 ms CreateObjectMapping: 0.035900 ms MarkObjects: 1.718200 ms  DeleteObjects: 0.055300 ms)

========================================================================
Received Import Request.
  Time since last request: 379.352870 seconds.
  path: Assets/Models/cliff_blockQuarter_stone.fbx
  artifactKey: Guid(90e0b87ded9e70247a6becba28ea9ec8) Importer(815301076,1909f56bfc062723c751e8b465ee728b)
Start importing Assets/Models/cliff_blockQuarter_stone.fbx using Guid(90e0b87ded9e70247a6becba28ea9ec8) Importer(815301076,1909f56bfc062723c751e8b465ee728b)  -> (artifact id: 'c0238d3b34acaa58a8a0d73faa3fe576') in 0.129690 seconds
  Import took 0.132159 seconds .

========================================================================
Received Import Request.
  Time since last request: 16.008505 seconds.
  path: Assets/Models/cliff_large_rock.fbx
  artifactKey: Guid(297459b6979f1b54797dc0269446aca4) Importer(815301076,1909f56bfc062723c751e8b465ee728b)
Start importing Assets/Models/cliff_large_rock.fbx using Guid(297459b6979f1b54797dc0269446aca4) Importer(815301076,1909f56bfc062723c751e8b465ee728b)  -> (artifact id: 'e1cf6d8ae04cf049849103aa53cf1be5') in 0.030553 seconds
  Import took 0.045725 seconds .

========================================================================
Received Import Request.
  Time since last request: 0.000236 seconds.
  path: Assets/Models/cliff_large_stone.fbx
  artifactKey: Guid(5f434d81612544a4d8e821e705f00a3b) Importer(815301076,1909f56bfc062723c751e8b465ee728b)
Start importing Assets/Models/cliff_large_stone.fbx using Guid(5f434d81612544a4d8e821e705f00a3b) Importer(815301076,1909f56bfc062723c751e8b465ee728b)  -> (artifact id: '673e887066491fbd66abec4a8a3b0747') in 0.018511 seconds
  Import took 0.020896 seconds .

========================================================================
Received Prepare
Registering precompiled user dll's ...
Registered in 0.001159 seconds.
Begin MonoManager ReloadAssembly
Native extension for WindowsStandalone target not found
Native extension for OSXStandalone target not found
Native extension for WebGL target not found
Refreshing native plugins compatible for Editor in 0.25 ms, found 0 plugins.
Preloading 0 native plugins for Editor in 0.00 ms.
Invoked RoslynAnalysisRunner static constructor.
RoslynAnalysisRunner will not be running.
RoslynAnalysisRunner has terminated.
Mono: successfully reloaded assembly
- Completed reload, in  0.881 seconds
Platform modules already initialized, skipping
Refreshing native plugins compatible for Editor in 0.36 ms, found 0 plugins.
Preloading 0 native plugins for Editor in 0.00 ms.
Unloading 1203 Unused Serialized files (Serialized files now loaded: 0)
System memory in use before: 66.8 MB.
System memory in use after: 66.9 MB.

Unloading 5 unused Assets to reduce memory usage. Loaded Objects now: 1775.
Total: 1.763300 ms (FindLiveObjects: 0.193000 ms CreateObjectMapping: 0.029700 ms MarkObjects: 1.441300 ms  DeleteObjects: 0.098200 ms)

========================================================================
Received Prepare
Registering precompiled user dll's ...
Registered in 0.001052 seconds.
Begin MonoManager ReloadAssembly
Native extension for WindowsStandalone target not found
Native extension for OSXStandalone target not found
Native extension for WebGL target not found
Refreshing native plugins compatible for Editor in 0.55 ms, found 0 plugins.
Preloading 0 native plugins for Editor in 0.00 ms.
Invoked RoslynAnalysisRunner static constructor.
RoslynAnalysisRunner will not be running.
RoslynAnalysisRunner has terminated.
Mono: successfully reloaded assembly
- Completed reload, in  0.824 seconds
Platform modules already initialized, skipping
Refreshing native plugins compatible for Editor in 0.37 ms, found 0 plugins.
Preloading 0 native plugins for Editor in 0.00 ms.
Unloading 1203 Unused Serialized files (Serialized files now loaded: 0)
System memory in use before: 66.8 MB.
System memory in use after: 66.9 MB.

Unloading 5 unused Assets to reduce memory usage. Loaded Objects now: 1778.
Total: 1.877400 ms (FindLiveObjects: 0.194700 ms CreateObjectMapping: 0.030800 ms MarkObjects: 1.596700 ms  DeleteObjects: 0.053700 ms)

========================================================================
Received Prepare
Registering precompiled user dll's ...
Registered in 0.001517 seconds.
Begin MonoManager ReloadAssembly
Native extension for WindowsStandalone target not found
Native extension for OSXStandalone target not found
Native extension for WebGL target not found
Refreshing native plugins compatible for Editor in 0.24 ms, found 0 plugins.
Preloading 0 native plugins for Editor in 0.00 ms.
Invoked RoslynAnalysisRunner static constructor.
RoslynAnalysisRunner will not be running.
RoslynAnalysisRunner has terminated.
Mono: successfully reloaded assembly
- Completed reload, in  0.801 seconds
Platform modules already initialized, skipping
Refreshing native plugins compatible for Editor in 0.26 ms, found 0 plugins.
Preloading 0 native plugins for Editor in 0.00 ms.
Unloading 1203 Unused Serialized files (Serialized files now loaded: 0)
System memory in use before: 66.8 MB.
System memory in use after: 66.9 MB.

Unloading 5 unused Assets to reduce memory usage. Loaded Objects now: 1781.
Total: 2.114700 ms (FindLiveObjects: 0.224900 ms CreateObjectMapping: 0.032400 ms MarkObjects: 1.791400 ms  DeleteObjects: 0.064400 ms)

========================================================================
Received Prepare
Registering precompiled user dll's ...
Registered in 0.001050 seconds.
Begin MonoManager ReloadAssembly
Native extension for WindowsStandalone target not found
Native extension for OSXStandalone target not found
Native extension for WebGL target not found
Refreshing native plugins compatible for Editor in 0.25 ms, found 0 plugins.
Preloading 0 native plugins for Editor in 0.00 ms.
Invoked RoslynAnalysisRunner static constructor.
RoslynAnalysisRunner will not be running.
RoslynAnalysisRunner has terminated.
Mono: successfully reloaded assembly
- Completed reload, in  0.771 seconds
Platform modules already initialized, skipping
Refreshing native plugins compatible for Editor in 0.31 ms, found 0 plugins.
Preloading 0 native plugins for Editor in 0.00 ms.
Unloading 1203 Unused Serialized files (Serialized files now loaded: 0)
System memory in use before: 66.8 MB.
System memory in use after: 66.9 MB.

Unloading 5 unused Assets to reduce memory usage. Loaded Objects now: 1784.
Total: 2.329900 ms (FindLiveObjects: 0.413600 ms CreateObjectMapping: 0.031200 ms MarkObjects: 1.819500 ms  DeleteObjects: 0.063000 ms)

========================================================================
Received Import Request.
  Time since last request: 3307.948726 seconds.
  path: Assets/Materials/BasicCapsuleMat.mat
  artifactKey: Guid(ef1416ec4ed1599419f60a97e09da9a9) Importer(815301076,1909f56bfc062723c751e8b465ee728b)
Start importing Assets/Materials/BasicCapsuleMat.mat using Guid(ef1416ec4ed1599419f60a97e09da9a9) Importer(815301076,1909f56bfc062723c751e8b465ee728b)  -> (artifact id: '1f174aacbc25081c12a9dddfbcfe57b6') in 0.067731 seconds
  Import took 0.070215 seconds .

========================================================================
Received Import Request.
  Time since last request: 0.000229 seconds.
  path: Assets/Materials/ToonMat.mat
  artifactKey: Guid(8a972bae16c1f8045a290e576663b47d) Importer(815301076,1909f56bfc062723c751e8b465ee728b)
Start importing Assets/Materials/ToonMat.mat using Guid(8a972bae16c1f8045a290e576663b47d) Importer(815301076,1909f56bfc062723c751e8b465ee728b)  -> (artifact id: 'e803fe1cc814da4ca1c1b9994b703dc8') in 0.015193 seconds
  Import took 0.017345 seconds .

========================================================================
Received Import Request.
  Time since last request: 0.000291 seconds.
  path: Assets/Materials/ToonOutlineMat.mat
  artifactKey: Guid(c5bc96bb2f11c9344a0f1993b80af392) Importer(815301076,1909f56bfc062723c751e8b465ee728b)
Start importing Assets/Materials/ToonOutlineMat.mat using Guid(c5bc96bb2f11c9344a0f1993b80af392) Importer(815301076,1909f56bfc062723c751e8b465ee728b)  -> (artifact id: '529b767c17f74dd57a98555be318f5ce') in 0.030580 seconds
  Import took 0.032740 seconds .

========================================================================
Received Import Request.
  Time since last request: 0.000264 seconds.
  path: Assets/Materials/PostProcessMat.mat
  artifactKey: Guid(46c98d89368211e4bb1873ed02095e22) Importer(815301076,1909f56bfc062723c751e8b465ee728b)
Start importing Assets/Materials/PostProcessMat.mat using Guid(46c98d89368211e4bb1873ed02095e22) Importer(815301076,1909f56bfc062723c751e8b465ee728b)  -> (artifact id: '870e6b3edb5ae65a8326194300ff2fca') in 0.015606 seconds
  Import took 0.017509 seconds .

========================================================================
Received Import Request.
  Time since last request: 0.000240 seconds.
  path: Assets/Materials/OutlineMat.mat
  artifactKey: Guid(7ab04ccb42ce8634db0b794ed3fffca5) Importer(815301076,1909f56bfc062723c751e8b465ee728b)
Start importing Assets/Materials/OutlineMat.mat using Guid(7ab04ccb42ce8634db0b794ed3fffca5) Importer(815301076,1909f56bfc062723c751e8b465ee728b)  -> (artifact id: '1b425b1e56d3ddb73e48891dd73e0137') in 0.043361 seconds
  Import took 0.045227 seconds .

AssetImportWorkerClient::OnTransportError - code=2 error=End of file
