Using pre-set license
Built from '2020.3/staging' branch; Version is '2020.3.0f1 (c7b5465681fb) revision 13088070'; Using compiler version '192528614'; Build Type 'Release'
OS: 'Windows 10 Home; OS build 19042.867; Version 2009; 64bit' Language: 'en' Physical Memory: 16305 MB
BatchMode: 1, IsHumanControllingUs: 0, StartBugReporterOnCrash: 0, Is64bit: 1, IsPro: 0

 COMMAND LINE ARGUMENTS:
E:\UnityHub\2020.3.0f1\Editor\Unity.exe
-adb2
-batchMode
-noUpm
-name
AssetImportWorker0
-projectPath
E:/GitProjects/College/Graphics II/Graphics II Felix/GraphicsIIFinalProjUnity
-logFile
Logs/AssetImportWorker0.log
-srvPort
58764
Successfully changed project path to: E:/GitProjects/College/Graphics II/Graphics II Felix/GraphicsIIFinalProjUnity
E:/GitProjects/College/Graphics II/Graphics II Felix/GraphicsIIFinalProjUnity
Using Asset Import Pipeline V2.
Refreshing native plugins compatible for Editor in 24.39 ms, found 0 plugins.
Preloading 0 native plugins for Editor in 0.00 ms.
Initialize engine version: 2020.3.0f1 (c7b5465681fb)
[Subsystems] Discovering subsystems at path E:/UnityHub/2020.3.0f1/Editor/Data/Resources/UnitySubsystems
[Subsystems] Discovering subsystems at path E:/GitProjects/College/Graphics II/Graphics II Felix/GraphicsIIFinalProjUnity/Assets
GfxDevice: creating device client; threaded=0
Direct3D:
    Version:  Direct3D 11.0 [level 11.1]
    Renderer: NVIDIA GeForce GTX 1650 SUPER (ID=0x2187)
    Vendor:   
    VRAM:     3955 MB
    Driver:   27.21.14.5671
Initialize mono
Mono path[0] = 'E:/UnityHub/2020.3.0f1/Editor/Data/Managed'
Mono path[1] = 'E:/UnityHub/2020.3.0f1/Editor/Data/MonoBleedingEdge/lib/mono/unityjit'
Mono config path = 'E:/UnityHub/2020.3.0f1/Editor/Data/MonoBleedingEdge/etc'
Using monoOptions --debugger-agent=transport=dt_socket,embedding=1,server=y,suspend=n,address=127.0.0.1:56364
Begin MonoManager ReloadAssembly
Registering precompiled unity dll's ...
Register platform support module: E:/UnityHub/2020.3.0f1/Editor/Data/PlaybackEngines/WebGLSupport/UnityEditor.WebGL.Extensions.dll
Register platform support module: E:/UnityHub/2020.3.0f1/Editor/Data/PlaybackEngines/MacStandaloneSupport/UnityEditor.OSXStandalone.Extensions.dll
Register platform support module: E:/UnityHub/2020.3.0f1/Editor/Data/PlaybackEngines/WindowsStandaloneSupport/UnityEditor.WindowsStandalone.Extensions.dll
Registered in 0.002729 seconds.
Native extension for WindowsStandalone target not found
Native extension for OSXStandalone target not found
Native extension for WebGL target not found
Refreshing native plugins compatible for Editor in 20.95 ms, found 0 plugins.
Preloading 0 native plugins for Editor in 0.00 ms.
Invoked RoslynAnalysisRunner static constructor.
RoslynAnalysisRunner will not be running.
RoslynAnalysisRunner has terminated.
Mono: successfully reloaded assembly
- Completed reload, in  1.568 seconds
Platform modules already initialized, skipping
Registering precompiled user dll's ...
Registered in 0.000950 seconds.
Begin MonoManager ReloadAssembly
Native extension for WindowsStandalone target not found
Native extension for OSXStandalone target not found
Native extension for WebGL target not found
Refreshing native plugins compatible for Editor in 0.35 ms, found 0 plugins.
Preloading 0 native plugins for Editor in 0.00 ms.
Invoked RoslynAnalysisRunner static constructor.
RoslynAnalysisRunner will not be running.
RoslynAnalysisRunner has terminated.
Mono: successfully reloaded assembly
- Completed reload, in  0.840 seconds
Platform modules already initialized, skipping
========================================================================
Worker process is ready to serve import requests
Launched and connected shader compiler UnityShaderCompiler.exe after 0.05 seconds
Refreshing native plugins compatible for Editor in 0.23 ms, found 0 plugins.
Preloading 0 native plugins for Editor in 0.00 ms.
Unloading 1113 Unused Serialized files (Serialized files now loaded: 0)
System memory in use before: 57.2 MB.
System memory in use after: 57.2 MB.

Unloading 10 unused Assets to reduce memory usage. Loaded Objects now: 1555.
Total: 1.702700 ms (FindLiveObjects: 0.155100 ms CreateObjectMapping: 0.027700 ms MarkObjects: 1.432200 ms  DeleteObjects: 0.086600 ms)

========================================================================
Received Import Request.
  path: Assets
  artifactKey: Guid(00000000000000001000000000000000) Importer(815301076,1909f56bfc062723c751e8b465ee728b)
Start importing Assets using Guid(00000000000000001000000000000000) Importer(815301076,1909f56bfc062723c751e8b465ee728b)  -> (artifact id: '42baae205c97e3337697759514652acd') in 0.012491 seconds
  Import took 0.014747 seconds .

========================================================================
Received Import Request.
  Time since last request: 0.638561 seconds.
  path: Assets/SHaders
  artifactKey: Guid(9e9a2a899b1f80a48ad35f94d22cc20d) Importer(815301076,1909f56bfc062723c751e8b465ee728b)
Start importing Assets/SHaders using Guid(9e9a2a899b1f80a48ad35f94d22cc20d) Importer(815301076,1909f56bfc062723c751e8b465ee728b)  -> (artifact id: '2c098a998063ba78e6425b8db86c59bd') in 0.008287 seconds
  Import took 0.010168 seconds .

========================================================================
Received Import Request.
  Time since last request: 5.705259 seconds.
  path: Assets/Shaders
  artifactKey: Guid(9e9a2a899b1f80a48ad35f94d22cc20d) Importer(815301076,1909f56bfc062723c751e8b465ee728b)
Start importing Assets/Shaders using Guid(9e9a2a899b1f80a48ad35f94d22cc20d) Importer(815301076,1909f56bfc062723c751e8b465ee728b)  -> (artifact id: 'bd3e56116873e3440684702015369da4') in 0.008652 seconds
  Import took 0.010783 seconds .

========================================================================
Received Import Request.
  Time since last request: 4.715026 seconds.
  path: Assets/Scripts
  artifactKey: Guid(65e782b5ad9fed449a0a7e71ee45c036) Importer(815301076,1909f56bfc062723c751e8b465ee728b)
Start importing Assets/Scripts using Guid(65e782b5ad9fed449a0a7e71ee45c036) Importer(815301076,1909f56bfc062723c751e8b465ee728b)  -> (artifact id: '939ba05c5d7b23f1f72a12ff4c5b3b24') in 0.007875 seconds
  Import took 0.009761 seconds .

========================================================================
Received Import Request.
  Time since last request: 5.229614 seconds.
  path: Assets/Prefabs
  artifactKey: Guid(eb921a108a246a741b75a973f2730ebd) Importer(815301076,1909f56bfc062723c751e8b465ee728b)
Start importing Assets/Prefabs using Guid(eb921a108a246a741b75a973f2730ebd) Importer(815301076,1909f56bfc062723c751e8b465ee728b)  -> (artifact id: '39880dadb476aa1a5cc177550196fa55') in 0.007574 seconds
  Import took 0.009675 seconds .

========================================================================
Received Import Request.
  Time since last request: 0.001189 seconds.
  path: Assets/Prefabs
  artifactKey: Guid(eb921a108a246a741b75a973f2730ebd) Importer(815301076,1909f56bfc062723c751e8b465ee728b)
Start importing Assets/Prefabs using Guid(eb921a108a246a741b75a973f2730ebd) Importer(815301076,1909f56bfc062723c751e8b465ee728b)  -> (artifact id: '39880dadb476aa1a5cc177550196fa55') in 0.002936 seconds
  Import took 0.004898 seconds .

========================================================================
Received Import Request.
  Time since last request: 25.803660 seconds.
  path: Assets/Models
  artifactKey: Guid(85f74ad04826c1045aec24334a8cde7b) Importer(815301076,1909f56bfc062723c751e8b465ee728b)
Start importing Assets/Models using Guid(85f74ad04826c1045aec24334a8cde7b) Importer(815301076,1909f56bfc062723c751e8b465ee728b)  -> (artifact id: 'd4bf71e56dfc32e03abf67e5470740f8') in 0.008085 seconds
  Import took 0.010349 seconds .

========================================================================
Received Import Request.
  Time since last request: 3413.588750 seconds.
  path: Assets/Shaders/NewUnlitShader.shader
  artifactKey: Guid(4b189fada3399c244a9c52526c8230df) Importer(815301076,1909f56bfc062723c751e8b465ee728b)
Start importing Assets/Shaders/NewUnlitShader.shader using Guid(4b189fada3399c244a9c52526c8230df) Importer(815301076,1909f56bfc062723c751e8b465ee728b)  -> (artifact id: 'c4068fbbc771f21f3a52134b027a921a') in 0.034447 seconds
  Import took 0.036490 seconds .

========================================================================
Received Import Request.
  Time since last request: 2.021729 seconds.
  path: Assets/Shaders/NewUnlitShader.shader
  artifactKey: Guid(4b189fada3399c244a9c52526c8230df) Importer(815301076,1909f56bfc062723c751e8b465ee728b)
Start importing Assets/Shaders/NewUnlitShader.shader using Guid(4b189fada3399c244a9c52526c8230df) Importer(815301076,1909f56bfc062723c751e8b465ee728b)  -> (artifact id: 'c4068fbbc771f21f3a52134b027a921a') in 0.003574 seconds
  Import took 0.005562 seconds .

========================================================================
Received Import Request.
  Time since last request: 13.278115 seconds.
  path: Assets/Shaders/BasicShader.shader
  artifactKey: Guid(9edaeca093a65084c9b987f8def2a69c) Importer(815301076,1909f56bfc062723c751e8b465ee728b)
Start importing Assets/Shaders/BasicShader.shader using Guid(9edaeca093a65084c9b987f8def2a69c) Importer(815301076,1909f56bfc062723c751e8b465ee728b)  -> (artifact id: 'ac8265902e1ee7a9af0ae6b43791e2df') in 0.008287 seconds
  Import took 0.010294 seconds .

========================================================================
Received Import Request.
  Time since last request: 93.333451 seconds.
  path: Assets/Materials
  artifactKey: Guid(acfee4b74564b9f4682f862a6b82e440) Importer(815301076,1909f56bfc062723c751e8b465ee728b)
Start importing Assets/Materials using Guid(acfee4b74564b9f4682f862a6b82e440) Importer(815301076,1909f56bfc062723c751e8b465ee728b)  -> (artifact id: 'b048df43405ed767928fa726814cf5b3') in 0.007291 seconds
  Import took 0.009357 seconds .

========================================================================
Received Import Request.
  Time since last request: 10.226336 seconds.
  path: Assets/Materials/BasicShaderMat.mat
  artifactKey: Guid(ef1416ec4ed1599419f60a97e09da9a9) Importer(815301076,1909f56bfc062723c751e8b465ee728b)
Start importing Assets/Materials/BasicShaderMat.mat using Guid(ef1416ec4ed1599419f60a97e09da9a9) Importer(815301076,1909f56bfc062723c751e8b465ee728b)  -> (artifact id: '6a6ecea35271048fc6a9acc0c282c5a4') in 0.095765 seconds
  Import took 0.112272 seconds .

========================================================================
Received Import Request.
  Time since last request: 98.682080 seconds.
  path: Assets/Shaders/BasicShader.shader
  artifactKey: Guid(9edaeca093a65084c9b987f8def2a69c) Importer(815301076,1909f56bfc062723c751e8b465ee728b)
Start importing Assets/Shaders/BasicShader.shader using Guid(9edaeca093a65084c9b987f8def2a69c) Importer(815301076,1909f56bfc062723c751e8b465ee728b)  -> (artifact id: 'fe8cbd10ab71b3321072b68e2378c0dd') in 0.003775 seconds
  Import took 0.020306 seconds .

========================================================================
Received Import Request.
  Time since last request: 59.275025 seconds.
  path: Assets/Shaders/BasicShader.shader
  artifactKey: Guid(9edaeca093a65084c9b987f8def2a69c) Importer(815301076,1909f56bfc062723c751e8b465ee728b)
Start importing Assets/Shaders/BasicShader.shader using Guid(9edaeca093a65084c9b987f8def2a69c) Importer(815301076,1909f56bfc062723c751e8b465ee728b)  -> (artifact id: '72fdd9647edace00c3a5adce3dc8eb97') in 0.005041 seconds
  Import took 0.008130 seconds .

========================================================================
Received Import Request.
  Time since last request: 175.593424 seconds.
  path: Assets/Shaders/BasicShader.shader
  artifactKey: Guid(9edaeca093a65084c9b987f8def2a69c) Importer(815301076,1909f56bfc062723c751e8b465ee728b)
Start importing Assets/Shaders/BasicShader.shader using Guid(9edaeca093a65084c9b987f8def2a69c) Importer(815301076,1909f56bfc062723c751e8b465ee728b)  -> (artifact id: 'c0364d67768899924340274339686b32') in 0.004136 seconds
  Import took 0.006622 seconds .

========================================================================
Received Import Request.
  Time since last request: 0.000485 seconds.
  path: Assets/Shaders/BasicShader.shader
  artifactKey: Guid(9edaeca093a65084c9b987f8def2a69c) Importer(815301076,1909f56bfc062723c751e8b465ee728b)
Start importing Assets/Shaders/BasicShader.shader using Guid(9edaeca093a65084c9b987f8def2a69c) Importer(815301076,1909f56bfc062723c751e8b465ee728b)  -> (artifact id: 'c0364d67768899924340274339686b32') in 0.003643 seconds
  Import took 0.005329 seconds .

========================================================================
Received Import Request.
  Time since last request: 2.183961 seconds.
  path: Assets/Materials/BasicShaderMat.mat
  artifactKey: Guid(ef1416ec4ed1599419f60a97e09da9a9) Importer(815301076,1909f56bfc062723c751e8b465ee728b)
Start importing Assets/Materials/BasicShaderMat.mat using Guid(ef1416ec4ed1599419f60a97e09da9a9) Importer(815301076,1909f56bfc062723c751e8b465ee728b)  -> (artifact id: 'c2671929383150bc22fb08af45b4231c') in 0.017623 seconds
  Import took 0.019609 seconds .

========================================================================
Received Import Request.
  Time since last request: 754.694306 seconds.
  path: Assets/Materials/BasicShaderMat.mat
  artifactKey: Guid(ef1416ec4ed1599419f60a97e09da9a9) Importer(815301076,1909f56bfc062723c751e8b465ee728b)
Start importing Assets/Materials/BasicShaderMat.mat using Guid(ef1416ec4ed1599419f60a97e09da9a9) Importer(815301076,1909f56bfc062723c751e8b465ee728b)  -> (artifact id: 'c8eadcd49f15669ad45c2d820d71c637') in 0.019042 seconds
  Import took 0.021406 seconds .

AssetImportWorkerClient::OnTransportError - code=2 error=End of file
